[2017-11-13 11:27:59.306] [INFO ] [[app]               ] - Express server listening on port 8000
[2017-11-13 11:27:59.311] [INFO ] [[app]               ] - Intializing router...
[2017-11-13 11:33:05.965] [INFO ] [[app]               ] - Express server listening on port 8000
[2017-11-13 11:33:05.971] [INFO ] [[app]               ] - Intializing router...
[2017-11-13 11:36:19.704] [INFO ] [[app]               ] - Express server listening on port 8000
[2017-11-13 11:36:19.709] [INFO ] [[app]               ] - Intializing router...
[2017-11-13 11:39:53.571] [INFO ] [[app]               ] - Express server listening on port 8000
[2017-11-13 11:39:53.576] [INFO ] [[app]               ] - Intializing router...
[2017-11-13 11:54:35.226] [INFO ] [[app]               ] - Express server listening on port 8000
[2017-11-13 11:54:35.230] [INFO ] [[app]               ] - Intializing router...
[2017-11-13 12:01:04.081] [INFO ] [[app]               ] - Express server listening on port 8000
[2017-11-13 12:01:04.084] [INFO ] [[app]               ] - Intializing router...
[2017-11-13 12:01:09.256] [INFO ] [[dao/db]            ] - Connection to MySql Successful!
[2017-11-13 12:02:21.911] [INFO ] [[app]               ] - Express server listening on port 8000
[2017-11-13 12:02:21.915] [INFO ] [[app]               ] - Intializing router...
[2017-11-13 12:02:27.076] [INFO ] [[dao/db]            ] - Connection to MySql Database Successful!
[2017-11-13 12:39:29.313] [INFO ] [[app]               ] - Express server listening on port 8000
[2017-11-13 12:39:29.317] [INFO ] [[app]               ] - Intializing router...
[2017-11-13 12:39:34.464] [INFO ] [[dao/db]            ] - Connection to MySql Database Successful!
[2017-11-13 12:39:34.533] [INFO ] [[dao/db]            ] - The connection is terminated now.
[2017-11-13 12:40:02.917] [INFO ] [[app]               ] - Express server listening on port 8000
[2017-11-13 12:40:02.921] [INFO ] [[app]               ] - Intializing router...
[2017-11-13 12:40:08.070] [INFO ] [[dao/db]            ] - Connection to MySql Database Successful!
